c:\users\admin\source\repos\project1\debug\vc142.pdb
c:\users\admin\source\repos\project1\debug\vc142.idb
c:\users\admin\source\repos\project1\debug\glad.obj
c:\users\admin\source\repos\project1\debug\imgui_widgets.obj
c:\users\admin\source\repos\project1\debug\sound2d.obj
c:\users\admin\source\repos\project1\debug\grahpics_device.obj
c:\users\admin\source\repos\project1\debug\object.obj
c:\users\admin\source\repos\project1\debug\reference.obj
c:\users\admin\source\repos\project1\debug\functions.obj
c:\users\admin\source\repos\project1\debug\clock.obj
c:\users\admin\source\repos\project1\debug\ui.obj
c:\users\admin\source\repos\project1\debug\main.obj
c:\users\admin\source\repos\project1\debug\scene.obj
c:\users\admin\source\repos\project1\debug\script.obj
c:\users\admin\source\repos\project1\debug\log.obj
c:\users\admin\source\repos\project1\debug\script_device.obj
c:\users\admin\source\repos\project1\debug\soundlistener.obj
c:\users\admin\source\repos\project1\debug\texture.obj
c:\users\admin\source\repos\project1\debug\imgui_demo.obj
c:\users\admin\source\repos\project1\debug\scriptstdstring.obj
c:\users\admin\source\repos\project1\debug\mesh.obj
c:\users\admin\source\repos\project1\debug\imgui.obj
c:\users\admin\source\repos\project1\debug\sound3d.obj
c:\users\admin\source\repos\project1\debug\shader.obj
c:\users\admin\source\repos\project1\debug\imgui_draw.obj
c:\users\admin\source\repos\project1\debug\sound_device.obj
c:\users\admin\source\repos\project1\debug\deferred.obj
c:\users\admin\source\repos\project1\debug\project1.exe
c:\users\admin\source\repos\project1\debug\project1.ilk
c:\users\admin\source\repos\project1\debug\project1.pdb
c:\users\admin\source\repos\project1\debug\project1.tlog\cl.command.1.tlog
c:\users\admin\source\repos\project1\debug\project1.tlog\cl.read.1.tlog
c:\users\admin\source\repos\project1\debug\project1.tlog\cl.write.1.tlog
c:\users\admin\source\repos\project1\debug\project1.tlog\link.command.1.tlog
c:\users\admin\source\repos\project1\debug\project1.tlog\link.read.1.tlog
c:\users\admin\source\repos\project1\debug\project1.tlog\link.write.1.tlog
