Initialized FMOD version 20008
Volume: 30
Received: 6, 2
Result is 12Initialized FMOD version 20008
Volume: 30
Received: 6, 2
Result is 12Initialized FMOD version 20008
Volume: 30
Received: 6, 2
Result is 12Initialized FMOD version 20008
Volume: 30
Received: 6, 2
Result is 12Initialized FMOD version 20008
Volume: 30
Received: 6, 2
Result is 12Initialized FMOD version 20008
Volume: 30
Received: 6, 2
Result is 12Initialized FMOD version 20008
Volume: 30
Received: 6, 2
Result is 12Initialized FMOD version 20008
Volume: 30
Received: 6, 2
Result is 12Initialized FMOD version 20008
Volume: 30
Received: 6, 2
Result is 12Initialized FMOD version 20008
Volume: 30
Received: 6, 2
Result is 12Initialized FMOD version 20008
Volume: 30
Received: 6, 2
Result is 12Initialized FMOD version 20008
Volume: 30
Received: 6, 2
Result is 12Initialized FMOD version 20008
Volume: 30
Received: 6, 2
Result is 12Initialized FMOD version 20008
Volume: 30
Received: 6, 2
Result is 12Initialized FMOD version 20008
Volume: 30
Received: 6, 2
Result is 12Initialized FMOD version 20008
Volume: 30
Received: 6, 2
Result is 12Initialized FMOD version 20008
Volume: 30
Received: 6, 2
Result is 12Initialized FMOD version 20008
Volume: 30
Received: 6, 2
Result is 12Initialized FMOD version 20008
Volume: 30
Received: 6, 2
Result is 12Initialized FMOD version 20008
Volume: 30
Received: 6, 2
Result is 12Initialized FMOD version 20008
Volume: 30
Received: 6, 2
Result is 12Initialized FMOD version 20008
Volume: 30
Received: 6, 2
Result is 12Initialized FMOD version 20008
Volume: 30
Received: 6, 2
Result is 12Initialized FMOD version 20008
Volume: 30
Received: 6, 2
Result is 12Initialized FMOD version 20008
Volume: 30
Received: 6, 2
Result is 12Initialized FMOD version 20008
Volume: 30
Received: 6, 2
Result is 12Initialized FMOD version 20008
Volume: 30
Received: 6, 2
Result is 12Initialized FMOD version 20008
Volume: 30
Received: 6, 2
Result is 12Initialized FMOD version 20008
Volume: 30
Received: 6, 2
Result is 12Initialized FMOD version 20008
Volume: 30
Received: 6, 2
Result is 12Initialized FMOD version 20008
Volume: 30
Received: 6, 2
Result is 12Initialized FMOD version 20008
Volume: 30
Received: 6, 2
Result is 12Initialized FMOD version 20008
Volume: 30
Received: 6, 2
Result is 12Initialized FMOD version 20008
Volume: 30
Received: 6, 2
Result is 12Initialized FMOD version 20008
Volume: 30
Received: 6, 2
Result is 12Initialized FMOD version 20008
Volume: 30
Received: 6, 2
Result is 12Initialized FMOD version 20008
Volume: 30
Received: 6, 2
Result is 12Initialized FMOD version 20008
Volume: 30
Received: 6, 2
Result is 12Initialized FMOD version 20008
Volume: 30
Received: 6, 2
Result is 12Initialized FMOD version 20008
Volume: 30
Received: 6, 2
Result is 12Initialized FMOD version 20008
Volume: 30
Received: 6, 2
Result is 12Initialized FMOD version 20008
Volume: 30
Received: 6, 2
Result is 12Initialized FMOD version 20008
Volume: 30
Received: 6, 2
Result is 12Initialized FMOD version 20008
Volume: 30
Received: 6, 2
Result is 12AngelScript message:
script (1 : 1) : INFO : Compiling float calc(float, float)
AngelScript message:
script (3 : 5) : ERROR  : Identifier 'Sound2D' is not a data type
Module Build() failed.
AngelScript message:
script (1 : 1) : INFO : Compiling float calc(float, float)
AngelScript message:
script (3 : 5) : ERROR  : Identifier 'Sound3D' is not a data type
Module Build() failed.
Initialized FMOD version 20008
Volume: 30
Received: 6, 2
Result is 12Initialized FMOD version 20008
Volume: 30
Received: 6, 2
Result is 12Initialized FMOD version 20008
Volume: 30
Received: 6, 2
Result is 12Initialized FMOD version 20008
Volume: 30
Received: 6, 2
Result is 12Initialized FMOD version 20008
Volume: 30
Received: 6, 2
Result is 12Initialized FMOD version 20101
Volume: 30
Received: 6, 2
Result is 12Initialized FMOD version 20101
Volume: 30
Received: 6, 2
Result is 12Initialized FMOD version 20101
Volume: 30
Received: 6, 2
Result is 12Initialized FMOD version 20101
Volume: 30
Received: 6, 2
Result is 12Initialized FMOD version 20101
Volume: 30
Received: 6, 2
Result is 12Initialized FMOD version 20101
Volume: 30
Received: 6, 2
Result is 12